0 info it worked if it ends with ok
1 verbose cli [ '/usr/local/bin/node', '/usr/local/bin/npm', 'run', 'dev' ]
2 info using npm@3.10.10
3 info using node@v6.11.5
4 verbose run-script [ 'predev', 'dev', 'postdev' ]
5 info lifecycle new-project@1.0.0~predev: new-project@1.0.0
6 silly lifecycle new-project@1.0.0~predev: no script for predev, continuing
7 info lifecycle new-project@1.0.0~dev: new-project@1.0.0
8 verbose lifecycle new-project@1.0.0~dev: unsafe-perm in lifecycle true
9 verbose lifecycle new-project@1.0.0~dev: PATH: /usr/local/lib/node_modules/npm/bin/node-gyp-bin:/Users/teresa201/Desktop/DBGUI/PerunaMatch/node_modules/.bin:/Applications/anaconda/bin:/usr/local/bin:/usr/bin:/bin:/usr/sbin:/sbin:/Applications/Wireshark.app/Contents/MacOS
10 verbose lifecycle new-project@1.0.0~dev: CWD: /Users/teresa201/Desktop/DBGUI/PerunaMatch
11 silly lifecycle new-project@1.0.0~dev: Args: [ '-c',
11 silly lifecycle   'webpack-dev-server --inline --progress --port 3000 --host localhost' ]
12 info lifecycle new-project@1.0.0~dev: Failed to exec dev script
13 verbose stack Error: new-project@1.0.0 dev: `webpack-dev-server --inline --progress --port 3000 --host localhost`
13 verbose stack spawn ENOENT
13 verbose stack     at ChildProcess.<anonymous> (/usr/local/lib/node_modules/npm/lib/utils/spawn.js:33:16)
13 verbose stack     at emitTwo (events.js:106:13)
13 verbose stack     at ChildProcess.emit (events.js:191:7)
13 verbose stack     at maybeClose (internal/child_process.js:920:16)
13 verbose stack     at Process.ChildProcess._handle.onexit (internal/child_process.js:230:5)
14 verbose pkgid new-project@1.0.0
15 verbose cwd /Users/teresa201/Desktop/DBGUI/PerunaMatch/src
16 error Darwin 14.5.0
17 error argv "/usr/local/bin/node" "/usr/local/bin/npm" "run" "dev"
18 error node v6.11.5
19 error npm  v3.10.10
20 error file sh
21 error code ELIFECYCLE
22 error errno ENOENT
23 error syscall spawn
24 error new-project@1.0.0 dev: `webpack-dev-server --inline --progress --port 3000 --host localhost`
24 error spawn ENOENT
25 error Failed at the new-project@1.0.0 dev script 'webpack-dev-server --inline --progress --port 3000 --host localhost'.
25 error Make sure you have the latest version of node.js and npm installed.
25 error If you do, this is most likely a problem with the new-project package,
25 error not with npm itself.
25 error Tell the author that this fails on your system:
25 error     webpack-dev-server --inline --progress --port 3000 --host localhost
25 error You can get information on how to open an issue for this project with:
25 error     npm bugs new-project
25 error Or if that isn't available, you can get their info via:
25 error     npm owner ls new-project
25 error There is likely additional logging output above.
26 verbose exit [ 1, true ]
